

Microchip Technology PIC18 LITE Macro Assembler V1.32 build 58300 
                                                                                               Tue Dec 16 09:50:40 2014

Microchip Technology Omniscient Code Generator (Lite mode) build 58300
     1                           	processor	18F4550
     2                           	fnconf	rparam,??,?,0
     3                           	opt	pw 120
     4                           	opt	lm
     5                           	psect	idataCOMRAM,global,class=CODE,delta=1
     6                           	psect	cinit,global,reloc=2,class=CODE,delta=1
     7                           	psect	dataCOMRAM,global,class=COMRAM,space=1,delta=1
     8                           	psect	cstackCOMRAM,global,class=COMRAM,space=1,delta=1
     9                           	psect	text0,global,reloc=2,class=CODE,delta=1
    10                           	psect	text1,global,reloc=2,class=CODE,delta=1
    11                           	psect	text2,global,reloc=2,class=CODE,delta=1
    12                           	psect	text3,global,reloc=2,class=CODE,delta=1
    13                           	psect	text4,global,reloc=2,class=CODE,delta=1
    14                           	psect	text5,global,reloc=2,class=CODE,delta=1
    15                           	psect	text6,global,reloc=2,class=CODE,delta=1
    16                           	psect	text7,global,reloc=2,class=CODE,delta=1
    17                           	psect	text8,global,reloc=2,class=CODE,delta=1
    18                           	psect	text9,global,reloc=2,class=CODE,delta=1
    19                           	psect	text10,global,reloc=2,class=CODE,delta=1
    20                           	psect	text11,global,reloc=2,class=CODE,delta=1
    21                           	psect	text12,global,reloc=2,class=CODE,delta=1
    22                           	psect	text13,global,reloc=2,class=CODE,delta=1
    23                           	psect	intsave_regs,global,class=BIGRAM,space=1,delta=1
    24                           	psect	rparam,global,class=COMRAM,space=1,delta=1
    25  0000                     
    26                           	psect	idataCOMRAM
    27  007DA0                     __pidataCOMRAM:
    28                           	opt stack 0
    29                           
    30                           ;initializer for _string
    31  007DA0  4D                 	db	77
    32  007DA1  49                 	db	73
    33  007DA2  43                 	db	67
    34  007DA3  52                 	db	82
    35  007DA4  4F                 	db	79
    36  007DA5  43                 	db	67
    37  007DA6  48                 	db	72
    38  007DA7  49                 	db	73
    39  007DA8  50                 	db	80
    40  007DA9  20                 	db	32
    41  007DAA  4D                 	db	77
    42  007DAB  50                 	db	80
    43  007DAC  4C                 	db	76
    44  007DAD  41                 	db	65
    45  007DAE  42                 	db	66
    46  007DAF  00                 	db	0
    47  0000                     _LATAbits	set	3977
    48  0000                     _LATBbits	set	3978
    49  0000                     _PORTB	set	3969
    50  0000                     _PORTD	set	3971
    51  0000                     _TRISAbits	set	3986
    52  0000                     _TRISB	set	3987
    53  0000                     _TRISD	set	3989
    54                           
    55                           ; #config settings
    56  0000                     
    57                           	psect	cinit
    58  007E60                     __pcinit:
    59                           	opt stack 0
    60  007E60                     start_initialization:
    61                           	opt stack 0
    62  007E60                     __initialization:
    63                           	opt stack 0
    64                           
    65                           ; Initialize objects allocated to COMRAM (16 bytes)
    66                           ; load TBLPTR registers with __pidataCOMRAM
    67  007E60  0EA0               	movlw	low __pidataCOMRAM
    68  007E62  6EF6               	movwf	tblptrl,c
    69  007E64  0E7D               	movlw	high __pidataCOMRAM
    70  007E66  6EF7               	movwf	tblptrh,c
    71  007E68  0E00               	movlw	low (__pidataCOMRAM shr (0+16))
    72  007E6A  6EF8               	movwf	tblptru,c
    73  007E6C  EE00  F001         	lfsr	0,__pdataCOMRAM
    74  007E70  EE10 F010          	lfsr	1,16
    75  007E74                     copy_data0:
    76  007E74  0009               	tblrd		*+
    77  007E76  CFF5 FFEE          	movff	tablat,postinc0
    78  007E7A  50E5               	movf	postdec1,w,c
    79  007E7C  50E1               	movf	fsr1l,w,c
    80  007E7E  E1FA               	bnz	copy_data0
    81  007E80                     end_of_initialization:
    82                           	opt stack 0
    83  007E80                     __end_of__initialization:
    84                           	opt stack 0
    85  007E80  0100               	movlb	0
    86  007E82  EF57  F03F         	goto	_main	;jump to C main() function
    87                           tblptru	equ	0xFF8
    88                           tblptrh	equ	0xFF7
    89                           tblptrl	equ	0xFF6
    90                           tablat	equ	0xFF5
    91                           postinc0	equ	0xFEE
    92                           postdec1	equ	0xFE5
    93                           fsr1l	equ	0xFE1
    94                           
    95                           	psect	dataCOMRAM
    96  000001                     __pdataCOMRAM:
    97                           	opt stack 0
    98  000001                     _string:
    99                           	opt stack 0
   100  000001                     	ds	16
   101                           tblptru	equ	0xFF8
   102                           tblptrh	equ	0xFF7
   103                           tblptrl	equ	0xFF6
   104                           tablat	equ	0xFF5
   105                           postinc0	equ	0xFEE
   106                           postdec1	equ	0xFE5
   107                           fsr1l	equ	0xFE1
   108                           
   109                           	psect	cstackCOMRAM
   110  000011                     __pcstackCOMRAM:
   111                           	opt stack 0
   112  000011                     ??_Delay10KTCYx:
   113  000011                     Delay10TCYx@unit:
   114                           	opt stack 0
   115  000011                     Delay1KTCYx@unit:
   116                           	opt stack 0
   117                           
   118                           ; 1 bytes @ 0x0
   119  000011                     	ds	1
   120  000012                     DelayFor18TCY@i:
   121                           	opt stack 0
   122  000012                     delay_ms@t:
   123                           	opt stack 0
   124  000012                     Delay10KTCYx@unit:
   125                           	opt stack 0
   126                           
   127                           ; 1 bytes @ 0x1
   128  000012                     	ds	1
   129  000013                     ??_SetDDRamAddr:
   130  000013                     delay_ms@i:
   131                           	opt stack 0
   132  000013                     WriteCmdXLCD@cmd:
   133                           	opt stack 0
   134  000013                     WriteDataXLCD@data:
   135                           	opt stack 0
   136                           
   137                           ; 1 bytes @ 0x2
   138  000013                     	ds	1
   139  000014                     Delay_s@t:
   140                           	opt stack 0
   141  000014                     putsXLCD_@buffer:
   142                           	opt stack 0
   143                           
   144                           ; 2 bytes @ 0x3
   145  000014                     	ds	1
   146  000015                     Delay_s@i:
   147                           	opt stack 0
   148                           
   149                           ; 1 bytes @ 0x4
   150  000015                     	ds	1
   151  000016                     Delay_s@j:
   152                           	opt stack 0
   153  000016                     SetDDRamAddr@DDaddr:
   154                           	opt stack 0
   155                           
   156                           ; 1 bytes @ 0x5
   157  000016                     	ds	1
   158  000017                     OpenXLCD_@lcdtype:
   159                           	opt stack 0
   160                           
   161                           ; 1 bytes @ 0x6
   162  000017                     	ds	1
   163  000018                     tblptru	equ	0xFF8
   164                           tblptrh	equ	0xFF7
   165                           tblptrl	equ	0xFF6
   166                           tablat	equ	0xFF5
   167                           postinc0	equ	0xFEE
   168                           postdec1	equ	0xFE5
   169                           fsr1l	equ	0xFE1
   170                           
   171                           ; 0 bytes @ 0x7
   172 ;;
   173 ;;Main: autosize = 0, tempsize = 0, incstack = 0, save=0
   174 ;;
   175 ;; *************** function _main *****************
   176 ;; Defined at:
   177 ;;		line 55 in file "main.c"
   178 ;; Parameters:    Size  Location     Type
   179 ;;		None
   180 ;; Auto vars:     Size  Location     Type
   181 ;;		None
   182 ;; Return value:  Size  Location     Type
   183 ;;		None               void
   184 ;; Registers used:
   185 ;;		wreg, fsr2l, fsr2h, status,2, status,0, cstack
   186 ;; Tracked objects:
   187 ;;		On entry : 0/0
   188 ;;		On exit  : 0/0
   189 ;;		Unchanged: 0/0
   190 ;; Data sizes:     COMRAM   BANK0   BANK1   BANK2   BANK3   BANK4   BANK5   BANK6   BANK7
   191 ;;      Params:         0       0       0       0       0       0       0       0       0
   192 ;;      Locals:         0       0       0       0       0       0       0       0       0
   193 ;;      Temps:          0       0       0       0       0       0       0       0       0
   194 ;;      Totals:         0       0       0       0       0       0       0       0       0
   195 ;;Total ram usage:        0 bytes
   196 ;; Hardware stack levels required when called:    4
   197 ;; This function calls:
   198 ;;		_Delay_s
   199 ;;		_OpenXLCD_
   200 ;;		_WriteCmdXLCD
   201 ;;		_putsXLCD_
   202 ;; This function is called by:
   203 ;;		Startup code after reset
   204 ;; This function uses a non-reentrant model
   205 ;;
   206                           
   207                           	psect	text0
   208  007EAE                     __ptext0:
   209                           	opt stack 0
   210  007EAE                     _main:
   211                           	opt stack 27
   212                           
   213                           ;main.c: 57: OpenXLCD_( 0b00111100 & 0b00110000 & 0b00001110 & 0b00001101);
   214                           
   215                           ;incstack = 0
   216  007EAE  0E00               	movlw	0
   217  007EB0  ECB6  F03F         	call	_OpenXLCD_
   218                           
   219                           ;main.c: 58: WriteCmdXLCD(0b00001111&0b00001101&0b00001110);
   220  007EB4  0E0C               	movlw	12
   221  007EB6  ECFB  F03E         	call	_WriteCmdXLCD
   222  007EBA                     l957:
   223                           
   224                           ;main.c: 60: {
   225                           ;main.c: 61: putsXLCD_((char*)string);
   226  007EBA  0E00               	movlw	high _string
   227  007EBC  6E15               	movwf	putsXLCD_@buffer+1,c
   228  007EBE  0E01               	movlw	low _string
   229  007EC0  6E14               	movwf	putsXLCD_@buffer,c
   230  007EC2  EC1E  F03F         	call	_putsXLCD_	;wreg free
   231                           
   232                           ;main.c: 62: Delay_s(1);
   233  007EC6  0E01               	movlw	1
   234  007EC8  EC43  F03F         	call	_Delay_s
   235                           
   236                           ;main.c: 63: WriteCmdXLCD(0x01);
   237  007ECC  0E01               	movlw	1
   238  007ECE  ECFB  F03E         	call	_WriteCmdXLCD
   239                           
   240                           ;main.c: 64: Delay_s(1);
   241  007ED2  0E01               	movlw	1
   242  007ED4  EC43  F03F         	call	_Delay_s
   243                           
   244                           ;main.c: 65: WriteCmdXLCD(0x80);
   245  007ED8  0E80               	movlw	128
   246  007EDA  ECFB  F03E         	call	_WriteCmdXLCD
   247  007EDE  D7ED               	goto	l957
   248  007EE0                     __end_of_main:
   249                           	opt stack 0
   250                           tblptru	equ	0xFF8
   251                           tblptrh	equ	0xFF7
   252                           tblptrl	equ	0xFF6
   253                           tablat	equ	0xFF5
   254                           postinc0	equ	0xFEE
   255                           postdec1	equ	0xFE5
   256                           fsr1l	equ	0xFE1
   257                           
   258 ;; *************** function _putsXLCD_ *****************
   259 ;; Defined at:
   260 ;;		line 90 in file "xlcd.c"
   261 ;; Parameters:    Size  Location     Type
   262 ;;  buffer          2    3[COMRAM] PTR unsigned char 
   263 ;;		 -> string(16), 
   264 ;; Auto vars:     Size  Location     Type
   265 ;;		None
   266 ;; Return value:  Size  Location     Type
   267 ;;		None               void
   268 ;; Registers used:
   269 ;;		wreg, fsr2l, fsr2h, status,2, status,0, cstack
   270 ;; Tracked objects:
   271 ;;		On entry : 0/0
   272 ;;		On exit  : 0/0
   273 ;;		Unchanged: 0/0
   274 ;; Data sizes:     COMRAM   BANK0   BANK1   BANK2   BANK3   BANK4   BANK5   BANK6   BANK7
   275 ;;      Params:         2       0       0       0       0       0       0       0       0
   276 ;;      Locals:         0       0       0       0       0       0       0       0       0
   277 ;;      Temps:          0       0       0       0       0       0       0       0       0
   278 ;;      Totals:         2       0       0       0       0       0       0       0       0
   279 ;;Total ram usage:        2 bytes
   280 ;; Hardware stack levels used:    1
   281 ;; Hardware stack levels required when called:    3
   282 ;; This function calls:
   283 ;;		_WriteDataXLCD
   284 ;; This function is called by:
   285 ;;		_main
   286 ;; This function uses a non-reentrant model
   287 ;;
   288                           
   289                           	psect	text1
   290  007E3C                     __ptext1:
   291                           	opt stack 0
   292  007E3C                     _putsXLCD_:
   293                           	opt stack 27
   294                           
   295                           ;xlcd.c: 92: while(*buffer)
   296                           
   297                           ;incstack = 0
   298  007E3C  D009               	goto	l941
   299  007E3E                     l937:
   300                           
   301                           ;xlcd.c: 93: {
   302                           ;xlcd.c: 94: WriteDataXLCD(*buffer);
   303  007E3E  C014  FFD9         	movff	putsXLCD_@buffer,fsr2l
   304  007E42  C015  FFDA         	movff	putsXLCD_@buffer+1,fsr2h
   305  007E46  50DF               	movf	indf2,w,c
   306  007E48  EC0C  F03F         	call	_WriteDataXLCD
   307                           
   308                           ;xlcd.c: 95: buffer++;
   309  007E4C  4A14               	infsnz	putsXLCD_@buffer,f,c
   310  007E4E  2A15               	incf	putsXLCD_@buffer+1,f,c
   311  007E50                     l941:
   312  007E50  C014  FFD9         	movff	putsXLCD_@buffer,fsr2l
   313  007E54  C015  FFDA         	movff	putsXLCD_@buffer+1,fsr2h
   314  007E58  50DF               	movf	indf2,w,c
   315  007E5A  B4D8               	btfsc	status,2,c
   316                           
   317                           ;xlcd.c: 96: }
   318                           ;xlcd.c: 97: return;
   319  007E5C  0012               	return	
   320  007E5E  D7EF               	goto	l937
   321  007E60                     __end_of_putsXLCD_:
   322                           	opt stack 0
   323                           tblptru	equ	0xFF8
   324                           tblptrh	equ	0xFF7
   325                           tblptrl	equ	0xFF6
   326                           tablat	equ	0xFF5
   327                           postinc0	equ	0xFEE
   328                           postdec1	equ	0xFE5
   329                           fsr1l	equ	0xFE1
   330                           indf2	equ	0xFDF
   331                           fsr2h	equ	0xFDA
   332                           fsr2l	equ	0xFD9
   333                           status	equ	0xFD8
   334                           
   335 ;; *************** function _WriteDataXLCD *****************
   336 ;; Defined at:
   337 ;;		line 29 in file "xlcd.c"
   338 ;; Parameters:    Size  Location     Type
   339 ;;  data            1    wreg     unsigned char 
   340 ;; Auto vars:     Size  Location     Type
   341 ;;  data            1    2[COMRAM] unsigned char 
   342 ;; Return value:  Size  Location     Type
   343 ;;		None               void
   344 ;; Registers used:
   345 ;;		wreg, status,2, status,0, cstack
   346 ;; Tracked objects:
   347 ;;		On entry : 0/0
   348 ;;		On exit  : 0/0
   349 ;;		Unchanged: 0/0
   350 ;; Data sizes:     COMRAM   BANK0   BANK1   BANK2   BANK3   BANK4   BANK5   BANK6   BANK7
   351 ;;      Params:         0       0       0       0       0       0       0       0       0
   352 ;;      Locals:         1       0       0       0       0       0       0       0       0
   353 ;;      Temps:          0       0       0       0       0       0       0       0       0
   354 ;;      Totals:         1       0       0       0       0       0       0       0       0
   355 ;;Total ram usage:        1 bytes
   356 ;; Hardware stack levels used:    1
   357 ;; Hardware stack levels required when called:    2
   358 ;; This function calls:
   359 ;;		_DelayFor18TCY
   360 ;; This function is called by:
   361 ;;		_putsXLCD_
   362 ;; This function uses a non-reentrant model
   363 ;;
   364                           
   365                           	psect	text2
   366  007E18                     __ptext2:
   367                           	opt stack 0
   368  007E18                     _WriteDataXLCD:
   369                           	opt stack 27
   370                           
   371                           ;incstack = 0
   372                           ;WriteDataXLCD@data stored from wreg
   373  007E18  6E13               	movwf	WriteDataXLCD@data,c
   374                           
   375                           ;xlcd.c: 32: TRISD = 0;
   376  007E1A  0E00               	movlw	0
   377  007E1C  6E95               	movwf	3989,c	;volatile
   378                           
   379                           ;xlcd.c: 33: PORTD = data;
   380  007E1E  C013  FF83         	movff	WriteDataXLCD@data,3971	;volatile
   381                           
   382                           ;xlcd.c: 34: LATAbits.LATA2 = 1;
   383  007E22  8489               	bsf	3977,2,c	;volatile
   384                           
   385                           ;xlcd.c: 35: LATAbits.LATA1 = 0;
   386  007E24  9289               	bcf	3977,1,c	;volatile
   387                           
   388                           ;xlcd.c: 36: DelayFor18TCY();
   389  007E26  ECD8  F03E         	call	_DelayFor18TCY	;wreg free
   390                           
   391                           ;xlcd.c: 37: LATAbits.LATA0 = 1;
   392  007E2A  8089               	bsf	3977,0,c	;volatile
   393                           
   394                           ;xlcd.c: 38: DelayFor18TCY();
   395  007E2C  ECD8  F03E         	call	_DelayFor18TCY	;wreg free
   396                           
   397                           ;xlcd.c: 39: LATAbits.LATA0 = 0;
   398  007E30  9089               	bcf	3977,0,c	;volatile
   399                           
   400                           ;xlcd.c: 40: DelayFor18TCY();
   401  007E32  ECD8  F03E         	call	_DelayFor18TCY	;wreg free
   402                           
   403                           ;xlcd.c: 41: LATAbits.LATA2 = 0;
   404  007E36  9489               	bcf	3977,2,c	;volatile
   405                           
   406                           ;xlcd.c: 42: TRISD = 0xff;
   407  007E38  6895               	setf	3989,c	;volatile
   408                           
   409                           ;xlcd.c: 44: return;
   410  007E3A  0012               	return	
   411  007E3C                     __end_of_WriteDataXLCD:
   412                           	opt stack 0
   413                           tblptru	equ	0xFF8
   414                           tblptrh	equ	0xFF7
   415                           tblptrl	equ	0xFF6
   416                           tablat	equ	0xFF5
   417                           postinc0	equ	0xFEE
   418                           postdec1	equ	0xFE5
   419                           fsr1l	equ	0xFE1
   420                           indf2	equ	0xFDF
   421                           fsr2h	equ	0xFDA
   422                           fsr2l	equ	0xFD9
   423                           status	equ	0xFD8
   424                           
   425 ;; *************** function _OpenXLCD_ *****************
   426 ;; Defined at:
   427 ;;		line 47 in file "xlcd.c"
   428 ;; Parameters:    Size  Location     Type
   429 ;;  lcdtype         1    wreg     unsigned char 
   430 ;; Auto vars:     Size  Location     Type
   431 ;;  lcdtype         1    6[COMRAM] unsigned char 
   432 ;; Return value:  Size  Location     Type
   433 ;;		None               void
   434 ;; Registers used:
   435 ;;		wreg, status,2, status,0, cstack
   436 ;; Tracked objects:
   437 ;;		On entry : 0/0
   438 ;;		On exit  : 0/0
   439 ;;		Unchanged: 0/0
   440 ;; Data sizes:     COMRAM   BANK0   BANK1   BANK2   BANK3   BANK4   BANK5   BANK6   BANK7
   441 ;;      Params:         0       0       0       0       0       0       0       0       0
   442 ;;      Locals:         1       0       0       0       0       0       0       0       0
   443 ;;      Temps:          0       0       0       0       0       0       0       0       0
   444 ;;      Totals:         1       0       0       0       0       0       0       0       0
   445 ;;Total ram usage:        1 bytes
   446 ;; Hardware stack levels used:    1
   447 ;; Hardware stack levels required when called:    3
   448 ;; This function calls:
   449 ;;		_BusyXLCD
   450 ;;		_Delay10KTCYx
   451 ;;		_DelayPORXLCD
   452 ;;		_SetDDRamAddr
   453 ;;		_WriteCmdXLCD
   454 ;; This function is called by:
   455 ;;		_main
   456 ;; This function uses a non-reentrant model
   457 ;;
   458                           
   459                           	psect	text3
   460  007F6C                     __ptext3:
   461                           	opt stack 0
   462  007F6C                     _OpenXLCD_:
   463                           	opt stack 27
   464                           
   465                           ;incstack = 0
   466                           ;OpenXLCD_@lcdtype stored from wreg
   467  007F6C  6E17               	movwf	OpenXLCD_@lcdtype,c
   468                           
   469                           ;xlcd.c: 50: PORTD = 0;
   470  007F6E  0E00               	movlw	0
   471  007F70  6E83               	movwf	3971,c	;volatile
   472                           
   473                           ;xlcd.c: 51: TRISD = 0x00;
   474  007F72  0E00               	movlw	0
   475  007F74  6E95               	movwf	3989,c	;volatile
   476                           
   477                           ;xlcd.c: 54: TRISAbits.TRISA1 = 0;
   478  007F76  9292               	bcf	3986,1,c	;volatile
   479                           
   480                           ;xlcd.c: 55: TRISAbits.TRISA2 = 0;
   481  007F78  9492               	bcf	3986,2,c	;volatile
   482                           
   483                           ;xlcd.c: 56: TRISAbits.TRISA0 = 0;
   484  007F7A  9092               	bcf	3986,0,c	;volatile
   485                           
   486                           ;xlcd.c: 57: LATAbits.LATA1 = 0;
   487  007F7C  9289               	bcf	3977,1,c	;volatile
   488                           
   489                           ;xlcd.c: 58: LATAbits.LATA2 = 0;
   490  007F7E  9489               	bcf	3977,2,c	;volatile
   491                           
   492                           ;xlcd.c: 59: LATAbits.LATA0 = 0;
   493  007F80  9089               	bcf	3977,0,c	;volatile
   494                           
   495                           ;xlcd.c: 62: DelayPORXLCD();
   496  007F82  ECBC  F03E         	call	_DelayPORXLCD	;wreg free
   497                           
   498                           ;xlcd.c: 64: WriteCmdXLCD(0x30);
   499  007F86  0E30               	movlw	48
   500  007F88  ECFB  F03E         	call	_WriteCmdXLCD
   501                           
   502                           ;xlcd.c: 65: Delay10KTCYx(0x05);
   503  007F8C  0E05               	movlw	5
   504  007F8E  ECE3  F03E         	call	_Delay10KTCYx
   505                           
   506                           ;xlcd.c: 66: WriteCmdXLCD(0x30);
   507  007F92  0E30               	movlw	48
   508  007F94  ECFB  F03E         	call	_WriteCmdXLCD
   509                           
   510                           ;xlcd.c: 67: Delay10KTCYx(0x01);
   511  007F98  0E01               	movlw	1
   512  007F9A  ECE3  F03E         	call	_Delay10KTCYx
   513                           
   514                           ;xlcd.c: 68: WriteCmdXLCD(0x32);
   515  007F9E  0E32               	movlw	50
   516  007FA0  ECFB  F03E         	call	_WriteCmdXLCD
   517  007FA4                     l911:
   518  007FA4  EC70  F03F         	call	_BusyXLCD	;wreg free
   519  007FA8  0900               	iorlw	0
   520  007FAA  A4D8               	btfss	status,2,c
   521  007FAC  D7FB               	goto	l911
   522  007FAE                     l913:
   523  007FAE  EC70  F03F         	call	_BusyXLCD	;wreg free
   524  007FB2  0900               	iorlw	0
   525  007FB4  A4D8               	btfss	status,2,c
   526  007FB6  D7FB               	goto	l913
   527                           
   528                           ;xlcd.c: 74: WriteCmdXLCD(lcdtype);
   529  007FB8  5017               	movf	OpenXLCD_@lcdtype,w,c
   530  007FBA  ECFB  F03E         	call	_WriteCmdXLCD
   531  007FBE                     l917:
   532  007FBE  EC70  F03F         	call	_BusyXLCD	;wreg free
   533  007FC2  0900               	iorlw	0
   534  007FC4  A4D8               	btfss	status,2,c
   535  007FC6  D7FB               	goto	l917
   536                           
   537                           ;xlcd.c: 78: WriteCmdXLCD(0b00001011&0b00001101&0b00001110);
   538  007FC8  0E08               	movlw	8
   539  007FCA  ECFB  F03E         	call	_WriteCmdXLCD
   540  007FCE                     l921:
   541  007FCE  EC70  F03F         	call	_BusyXLCD	;wreg free
   542  007FD2  0900               	iorlw	0
   543  007FD4  A4D8               	btfss	status,2,c
   544  007FD6  D7FB               	goto	l921
   545                           
   546                           ;xlcd.c: 80: WriteCmdXLCD(0b00001111);
   547  007FD8  0E0F               	movlw	15
   548  007FDA  ECFB  F03E         	call	_WriteCmdXLCD
   549  007FDE                     l925:
   550  007FDE  EC70  F03F         	call	_BusyXLCD	;wreg free
   551  007FE2  0900               	iorlw	0
   552  007FE4  A4D8               	btfss	status,2,c
   553  007FE6  D7FB               	goto	l925
   554                           
   555                           ;xlcd.c: 84: WriteCmdXLCD(0x01);
   556  007FE8  0E01               	movlw	1
   557  007FEA  ECFB  F03E         	call	_WriteCmdXLCD
   558  007FEE                     l929:
   559  007FEE  EC70  F03F         	call	_BusyXLCD	;wreg free
   560  007FF2  0900               	iorlw	0
   561  007FF4  A4D8               	btfss	status,2,c
   562  007FF6  D7FB               	goto	l929
   563                           
   564                           ;xlcd.c: 87: SetDDRamAddr(0x80);
   565  007FF8  0E80               	movlw	128
   566  007FFA  EC8D  F03F         	call	_SetDDRamAddr
   567                           
   568                           ;xlcd.c: 88: return;
   569  007FFE  0012               	return	
   570  008000                     __end_of_OpenXLCD_:
   571                           	opt stack 0
   572                           tblptru	equ	0xFF8
   573                           tblptrh	equ	0xFF7
   574                           tblptrl	equ	0xFF6
   575                           tablat	equ	0xFF5
   576                           postinc0	equ	0xFEE
   577                           postdec1	equ	0xFE5
   578                           fsr1l	equ	0xFE1
   579                           indf2	equ	0xFDF
   580                           fsr2h	equ	0xFDA
   581                           fsr2l	equ	0xFD9
   582                           status	equ	0xFD8
   583                           
   584 ;; *************** function _WriteCmdXLCD *****************
   585 ;; Defined at:
   586 ;;		line 11 in file "xlcd.c"
   587 ;; Parameters:    Size  Location     Type
   588 ;;  cmd             1    wreg     unsigned char 
   589 ;; Auto vars:     Size  Location     Type
   590 ;;  cmd             1    2[COMRAM] unsigned char 
   591 ;; Return value:  Size  Location     Type
   592 ;;		None               void
   593 ;; Registers used:
   594 ;;		wreg, status,2, status,0, cstack
   595 ;; Tracked objects:
   596 ;;		On entry : 0/0
   597 ;;		On exit  : 0/0
   598 ;;		Unchanged: 0/0
   599 ;; Data sizes:     COMRAM   BANK0   BANK1   BANK2   BANK3   BANK4   BANK5   BANK6   BANK7
   600 ;;      Params:         0       0       0       0       0       0       0       0       0
   601 ;;      Locals:         1       0       0       0       0       0       0       0       0
   602 ;;      Temps:          0       0       0       0       0       0       0       0       0
   603 ;;      Totals:         1       0       0       0       0       0       0       0       0
   604 ;;Total ram usage:        1 bytes
   605 ;; Hardware stack levels used:    1
   606 ;; Hardware stack levels required when called:    2
   607 ;; This function calls:
   608 ;;		_DelayFor18TCY
   609 ;; This function is called by:
   610 ;;		_main
   611 ;;		_OpenXLCD_
   612 ;; This function uses a non-reentrant model
   613 ;;
   614                           
   615                           	psect	text4
   616  007DF6                     __ptext4:
   617                           	opt stack 0
   618  007DF6                     _WriteCmdXLCD:
   619                           	opt stack 28
   620                           
   621                           ;incstack = 0
   622                           ;WriteCmdXLCD@cmd stored from wreg
   623  007DF6  6E13               	movwf	WriteCmdXLCD@cmd,c
   624                           
   625                           ;xlcd.c: 14: TRISD = 0;
   626  007DF8  0E00               	movlw	0
   627  007DFA  6E95               	movwf	3989,c	;volatile
   628                           
   629                           ;xlcd.c: 15: PORTD = cmd;
   630  007DFC  C013  FF83         	movff	WriteCmdXLCD@cmd,3971	;volatile
   631                           
   632                           ;xlcd.c: 16: LATAbits.LATA1 = 0;
   633  007E00  9289               	bcf	3977,1,c	;volatile
   634                           
   635                           ;xlcd.c: 17: LATAbits.LATA2 = 0;
   636  007E02  9489               	bcf	3977,2,c	;volatile
   637                           
   638                           ;xlcd.c: 18: DelayFor18TCY();
   639  007E04  ECD8  F03E         	call	_DelayFor18TCY	;wreg free
   640                           
   641                           ;xlcd.c: 19: LATAbits.LATA0 = 1;
   642  007E08  8089               	bsf	3977,0,c	;volatile
   643                           
   644                           ;xlcd.c: 20: DelayFor18TCY();
   645  007E0A  ECD8  F03E         	call	_DelayFor18TCY	;wreg free
   646                           
   647                           ;xlcd.c: 21: LATAbits.LATA0 = 0;
   648  007E0E  9089               	bcf	3977,0,c	;volatile
   649                           
   650                           ;xlcd.c: 22: DelayFor18TCY();
   651  007E10  ECD8  F03E         	call	_DelayFor18TCY	;wreg free
   652                           
   653                           ;xlcd.c: 23: TRISD = 0xff;
   654  007E14  6895               	setf	3989,c	;volatile
   655                           
   656                           ;xlcd.c: 26: return;
   657  007E16  0012               	return	
   658  007E18                     __end_of_WriteCmdXLCD:
   659                           	opt stack 0
   660                           tblptru	equ	0xFF8
   661                           tblptrh	equ	0xFF7
   662                           tblptrl	equ	0xFF6
   663                           tablat	equ	0xFF5
   664                           postinc0	equ	0xFEE
   665                           postdec1	equ	0xFE5
   666                           fsr1l	equ	0xFE1
   667                           indf2	equ	0xFDF
   668                           fsr2h	equ	0xFDA
   669                           fsr2l	equ	0xFD9
   670                           status	equ	0xFD8
   671                           
   672 ;; *************** function _SetDDRamAddr *****************
   673 ;; Defined at:
   674 ;;		line 13 in file "C:\Program Files (x86)\Microchip\xc8\v1.32\sources\pic18\plib\XLCD\setddram.c"
   675 ;; Parameters:    Size  Location     Type
   676 ;;  DDaddr          1    wreg     unsigned char 
   677 ;; Auto vars:     Size  Location     Type
   678 ;;  DDaddr          1    5[COMRAM] unsigned char 
   679 ;; Return value:  Size  Location     Type
   680 ;;		None               void
   681 ;; Registers used:
   682 ;;		wreg, status,2, status,0, cstack
   683 ;; Tracked objects:
   684 ;;		On entry : 0/0
   685 ;;		On exit  : 0/0
   686 ;;		Unchanged: 0/0
   687 ;; Data sizes:     COMRAM   BANK0   BANK1   BANK2   BANK3   BANK4   BANK5   BANK6   BANK7
   688 ;;      Params:         0       0       0       0       0       0       0       0       0
   689 ;;      Locals:         1       0       0       0       0       0       0       0       0
   690 ;;      Temps:          3       0       0       0       0       0       0       0       0
   691 ;;      Totals:         4       0       0       0       0       0       0       0       0
   692 ;;Total ram usage:        4 bytes
   693 ;; Hardware stack levels used:    1
   694 ;; Hardware stack levels required when called:    2
   695 ;; This function calls:
   696 ;;		_DelayFor18TCY
   697 ;; This function is called by:
   698 ;;		_OpenXLCD_
   699 ;; This function uses a non-reentrant model
   700 ;;
   701                           
   702                           	psect	text5
   703  007F1A                     __ptext5:
   704                           	opt stack 0
   705  007F1A                     _SetDDRamAddr:
   706                           	opt stack 27
   707                           
   708                           ;incstack = 0
   709                           ;SetDDRamAddr@DDaddr stored from wreg
   710  007F1A  6E16               	movwf	SetDDRamAddr@DDaddr,c
   711  007F1C  0EF0               	movlw	240
   712  007F1E  1693               	andwf	3987,f,c	;volatile
   713  007F20  0EF0               	movlw	240
   714  007F22  1681               	andwf	3969,f,c	;volatile
   715  007F24  5016               	movf	SetDDRamAddr@DDaddr,w,c
   716  007F26  6E13               	movwf	??_SetDDRamAddr& (0+255),c
   717  007F28  6A14               	clrf	(??_SetDDRamAddr+1)& (0+255),c
   718  007F2A  8E13               	bsf	??_SetDDRamAddr,7,c
   719  007F2C  0E04               	movlw	4
   720  007F2E  6E15               	movwf	(??_SetDDRamAddr+2)& (0+255),c
   721  007F30                     u55:
   722  007F30  3414               	rlcf	??_SetDDRamAddr+1,w,c
   723  007F32  3214               	rrcf	??_SetDDRamAddr+1,f,c
   724  007F34  3213               	rrcf	??_SetDDRamAddr,f,c
   725  007F36  2E15               	decfsz	(??_SetDDRamAddr+2)& (0+255),f,c
   726  007F38  D7FB               	goto	u55
   727  007F3A  5013               	movf	??_SetDDRamAddr,w,c
   728  007F3C  0B0F               	andlw	15
   729  007F3E  1281               	iorwf	3969,f,c	;volatile
   730  007F40  9C8A               	bcf	3978,6,c	;volatile
   731  007F42  9A8A               	bcf	3978,5,c	;volatile
   732  007F44  ECD8  F03E         	call	_DelayFor18TCY	;wreg free
   733  007F48  888A               	bsf	3978,4,c	;volatile
   734  007F4A  ECD8  F03E         	call	_DelayFor18TCY	;wreg free
   735  007F4E  988A               	bcf	3978,4,c	;volatile
   736  007F50  0EF0               	movlw	240
   737  007F52  1681               	andwf	3969,f,c	;volatile
   738  007F54  5016               	movf	SetDDRamAddr@DDaddr,w,c
   739  007F56  0B0F               	andlw	15
   740  007F58  1281               	iorwf	3969,f,c	;volatile
   741  007F5A  ECD8  F03E         	call	_DelayFor18TCY	;wreg free
   742  007F5E  888A               	bsf	3978,4,c	;volatile
   743  007F60  ECD8  F03E         	call	_DelayFor18TCY	;wreg free
   744  007F64  988A               	bcf	3978,4,c	;volatile
   745  007F66  0E0F               	movlw	15
   746  007F68  1293               	iorwf	3987,f,c	;volatile
   747  007F6A  0012               	return	
   748  007F6C                     __end_of_SetDDRamAddr:
   749                           	opt stack 0
   750                           tblptru	equ	0xFF8
   751                           tblptrh	equ	0xFF7
   752                           tblptrl	equ	0xFF6
   753                           tablat	equ	0xFF5
   754                           postinc0	equ	0xFEE
   755                           postdec1	equ	0xFE5
   756                           fsr1l	equ	0xFE1
   757                           indf2	equ	0xFDF
   758                           fsr2h	equ	0xFDA
   759                           fsr2l	equ	0xFD9
   760                           status	equ	0xFD8
   761                           
   762 ;; *************** function _DelayPORXLCD *****************
   763 ;; Defined at:
   764 ;;		line 16 in file "delay.c"
   765 ;; Parameters:    Size  Location     Type
   766 ;;		None
   767 ;; Auto vars:     Size  Location     Type
   768 ;;		None
   769 ;; Return value:  Size  Location     Type
   770 ;;		None               void
   771 ;; Registers used:
   772 ;;		wreg, cstack
   773 ;; Tracked objects:
   774 ;;		On entry : 0/0
   775 ;;		On exit  : 0/0
   776 ;;		Unchanged: 0/0
   777 ;; Data sizes:     COMRAM   BANK0   BANK1   BANK2   BANK3   BANK4   BANK5   BANK6   BANK7
   778 ;;      Params:         0       0       0       0       0       0       0       0       0
   779 ;;      Locals:         0       0       0       0       0       0       0       0       0
   780 ;;      Temps:          0       0       0       0       0       0       0       0       0
   781 ;;      Totals:         0       0       0       0       0       0       0       0       0
   782 ;;Total ram usage:        0 bytes
   783 ;; Hardware stack levels used:    1
   784 ;; Hardware stack levels required when called:    1
   785 ;; This function calls:
   786 ;;		_Delay1KTCYx
   787 ;; This function is called by:
   788 ;;		_OpenXLCD_
   789 ;; This function uses a non-reentrant model
   790 ;;
   791                           
   792                           	psect	text6
   793  007D78                     __ptext6:
   794                           	opt stack 0
   795  007D78                     _DelayPORXLCD:
   796                           	opt stack 28
   797                           
   798                           ;delay.c: 18: Delay1KTCYx(75);
   799                           
   800                           ;incstack = 0
   801  007D78  0E4B               	movlw	75
   802  007D7A  ECC0  F03E         	call	_Delay1KTCYx
   803                           
   804                           ;delay.c: 22: return;
   805  007D7E  0012               	return	
   806  007D80                     __end_of_DelayPORXLCD:
   807                           	opt stack 0
   808                           tblptru	equ	0xFF8
   809                           tblptrh	equ	0xFF7
   810                           tblptrl	equ	0xFF6
   811                           tablat	equ	0xFF5
   812                           postinc0	equ	0xFEE
   813                           postdec1	equ	0xFE5
   814                           fsr1l	equ	0xFE1
   815                           indf2	equ	0xFDF
   816                           fsr2h	equ	0xFDA
   817                           fsr2l	equ	0xFD9
   818                           status	equ	0xFD8
   819                           
   820 ;; *************** function _Delay10KTCYx *****************
   821 ;; Defined at:
   822 ;;		line 8 in file "C:\Program Files (x86)\Microchip\xc8\v1.32\sources\pic18\d10ktcyx.c"
   823 ;; Parameters:    Size  Location     Type
   824 ;;  unit            1    wreg     unsigned char 
   825 ;; Auto vars:     Size  Location     Type
   826 ;;  unit            1    1[COMRAM] unsigned char 
   827 ;; Return value:  Size  Location     Type
   828 ;;		None               void
   829 ;; Registers used:
   830 ;;		wreg
   831 ;; Tracked objects:
   832 ;;		On entry : 0/0
   833 ;;		On exit  : 0/0
   834 ;;		Unchanged: 0/0
   835 ;; Data sizes:     COMRAM   BANK0   BANK1   BANK2   BANK3   BANK4   BANK5   BANK6   BANK7
   836 ;;      Params:         0       0       0       0       0       0       0       0       0
   837 ;;      Locals:         1       0       0       0       0       0       0       0       0
   838 ;;      Temps:          1       0       0       0       0       0       0       0       0
   839 ;;      Totals:         2       0       0       0       0       0       0       0       0
   840 ;;Total ram usage:        2 bytes
   841 ;; Hardware stack levels used:    1
   842 ;; This function calls:
   843 ;;		Nothing
   844 ;; This function is called by:
   845 ;;		_OpenXLCD_
   846 ;; This function uses a non-reentrant model
   847 ;;
   848                           
   849                           	psect	text7
   850  007DC6                     __ptext7:
   851                           	opt stack 0
   852  007DC6                     _Delay10KTCYx:
   853                           	opt stack 29
   854                           
   855                           ;incstack = 0
   856                           ;Delay10KTCYx@unit stored from wreg
   857  007DC6  6E12               	movwf	Delay10KTCYx@unit,c
   858  007DC8                     l346:
   859  007DC8  0E0D               	movlw	13
   860  007DCA  6E11               	movwf	??_Delay10KTCYx& (0+255),c
   861  007DCC  0EFC               	movlw	252
   862  007DCE                     u187:
   863  007DCE  2EE8               	decfsz	wreg,f,c
   864  007DD0  D7FE               	goto	u187
   865  007DD2  2E11               	decfsz	??_Delay10KTCYx& (0+255),f,c
   866  007DD4  D7FC               	goto	u187
   867  007DD6  2E12               	decfsz	Delay10KTCYx@unit,f,c
   868  007DD8  D7F7               	goto	l346
   869  007DDA  0012               	return	
   870  007DDC                     __end_of_Delay10KTCYx:
   871                           	opt stack 0
   872                           tblptru	equ	0xFF8
   873                           tblptrh	equ	0xFF7
   874                           tblptrl	equ	0xFF6
   875                           tablat	equ	0xFF5
   876                           postinc0	equ	0xFEE
   877                           wreg	equ	0xFE8
   878                           postdec1	equ	0xFE5
   879                           fsr1l	equ	0xFE1
   880                           indf2	equ	0xFDF
   881                           fsr2h	equ	0xFDA
   882                           fsr2l	equ	0xFD9
   883                           status	equ	0xFD8
   884                           
   885 ;; *************** function _BusyXLCD *****************
   886 ;; Defined at:
   887 ;;		line 11 in file "C:\Program Files (x86)\Microchip\xc8\v1.32\sources\pic18\plib\XLCD\busyxlcd.c"
   888 ;; Parameters:    Size  Location     Type
   889 ;;		None
   890 ;; Auto vars:     Size  Location     Type
   891 ;;		None
   892 ;; Return value:  Size  Location     Type
   893 ;;                  1    wreg      unsigned char 
   894 ;; Registers used:
   895 ;;		wreg, status,2, status,0, cstack
   896 ;; Tracked objects:
   897 ;;		On entry : 0/0
   898 ;;		On exit  : 0/0
   899 ;;		Unchanged: 0/0
   900 ;; Data sizes:     COMRAM   BANK0   BANK1   BANK2   BANK3   BANK4   BANK5   BANK6   BANK7
   901 ;;      Params:         0       0       0       0       0       0       0       0       0
   902 ;;      Locals:         0       0       0       0       0       0       0       0       0
   903 ;;      Temps:          0       0       0       0       0       0       0       0       0
   904 ;;      Totals:         0       0       0       0       0       0       0       0       0
   905 ;;Total ram usage:        0 bytes
   906 ;; Hardware stack levels used:    1
   907 ;; Hardware stack levels required when called:    2
   908 ;; This function calls:
   909 ;;		_DelayFor18TCY
   910 ;; This function is called by:
   911 ;;		_OpenXLCD_
   912 ;; This function uses a non-reentrant model
   913 ;;
   914                           
   915                           	psect	text8
   916  007EE0                     __ptext8:
   917                           	opt stack 0
   918  007EE0                     _BusyXLCD:
   919                           	opt stack 27
   920                           
   921                           ;incstack = 0
   922  007EE0  8C8A               	bsf	3978,6,c	;volatile
   923  007EE2  9A8A               	bcf	3978,5,c	;volatile
   924  007EE4  ECD8  F03E         	call	_DelayFor18TCY	;wreg free
   925  007EE8  888A               	bsf	3978,4,c	;volatile
   926  007EEA  ECD8  F03E         	call	_DelayFor18TCY	;wreg free
   927  007EEE  A681               	btfss	3969,3,c	;volatile
   928  007EF0  D00A               	goto	l107
   929  007EF2  988A               	bcf	3978,4,c	;volatile
   930  007EF4  ECD8  F03E         	call	_DelayFor18TCY	;wreg free
   931  007EF8  888A               	bsf	3978,4,c	;volatile
   932  007EFA  ECD8  F03E         	call	_DelayFor18TCY	;wreg free
   933  007EFE  988A               	bcf	3978,4,c	;volatile
   934  007F00  9C8A               	bcf	3978,6,c	;volatile
   935  007F02  0E01               	movlw	1
   936  007F04  D009               	goto	l108
   937  007F06                     l107:
   938  007F06  988A               	bcf	3978,4,c	;volatile
   939  007F08  ECD8  F03E         	call	_DelayFor18TCY	;wreg free
   940  007F0C  888A               	bsf	3978,4,c	;volatile
   941  007F0E  ECD8  F03E         	call	_DelayFor18TCY	;wreg free
   942  007F12  988A               	bcf	3978,4,c	;volatile
   943  007F14  9C8A               	bcf	3978,6,c	;volatile
   944  007F16  0E00               	movlw	0
   945  007F18                     l108:
   946  007F18  0012               	return	
   947  007F1A                     __end_of_BusyXLCD:
   948                           	opt stack 0
   949                           tblptru	equ	0xFF8
   950                           tblptrh	equ	0xFF7
   951                           tblptrl	equ	0xFF6
   952                           tablat	equ	0xFF5
   953                           postinc0	equ	0xFEE
   954                           wreg	equ	0xFE8
   955                           postdec1	equ	0xFE5
   956                           fsr1l	equ	0xFE1
   957                           indf2	equ	0xFDF
   958                           fsr2h	equ	0xFDA
   959                           fsr2l	equ	0xFD9
   960                           status	equ	0xFD8
   961                           
   962 ;; *************** function _DelayFor18TCY *****************
   963 ;; Defined at:
   964 ;;		line 8 in file "delay.c"
   965 ;; Parameters:    Size  Location     Type
   966 ;;		None
   967 ;; Auto vars:     Size  Location     Type
   968 ;;  i               1    1[COMRAM] unsigned char 
   969 ;; Return value:  Size  Location     Type
   970 ;;		None               void
   971 ;; Registers used:
   972 ;;		wreg, status,2, status,0, cstack
   973 ;; Tracked objects:
   974 ;;		On entry : 0/0
   975 ;;		On exit  : 0/0
   976 ;;		Unchanged: 0/0
   977 ;; Data sizes:     COMRAM   BANK0   BANK1   BANK2   BANK3   BANK4   BANK5   BANK6   BANK7
   978 ;;      Params:         0       0       0       0       0       0       0       0       0
   979 ;;      Locals:         1       0       0       0       0       0       0       0       0
   980 ;;      Temps:          0       0       0       0       0       0       0       0       0
   981 ;;      Totals:         1       0       0       0       0       0       0       0       0
   982 ;;Total ram usage:        1 bytes
   983 ;; Hardware stack levels used:    1
   984 ;; Hardware stack levels required when called:    1
   985 ;; This function calls:
   986 ;;		_Delay10TCYx
   987 ;; This function is called by:
   988 ;;		_WriteCmdXLCD
   989 ;;		_WriteDataXLCD
   990 ;;		_BusyXLCD
   991 ;;		_SetDDRamAddr
   992 ;; This function uses a non-reentrant model
   993 ;;
   994                           
   995                           	psect	text9
   996  007DB0                     __ptext9:
   997                           	opt stack 0
   998  007DB0                     _DelayFor18TCY:
   999                           	opt stack 27
  1000                           
  1001                           ;delay.c: 10: unsigned char i;
  1002                           ;delay.c: 11: for(i=0;i<10;i++)
  1003                           
  1004                           ;incstack = 0
  1005  007DB0  0E00               	movlw	0
  1006  007DB2  6E12               	movwf	DelayFor18TCY@i,c
  1007  007DB4  D004               	goto	L1
  1008  007DB6                     l735:
  1009                           
  1010                           ;delay.c: 12: {
  1011                           ;delay.c: 13: Delay10TCYx(50);
  1012  007DB6  0E32               	movlw	50
  1013  007DB8  ECC8  F03E         	call	_Delay10TCYx
  1014  007DBC  2A12               	incf	DelayFor18TCY@i,f,c
  1015  007DBE                     L1:
  1016  007DBE  0E09               	movlw	9
  1017  007DC0  6412               	cpfsgt	DelayFor18TCY@i,c
  1018  007DC2  D7F9               	goto	l735
  1019  007DC4  0012               	return	
  1020  007DC6                     __end_of_DelayFor18TCY:
  1021                           	opt stack 0
  1022                           tblptru	equ	0xFF8
  1023                           tblptrh	equ	0xFF7
  1024                           tblptrl	equ	0xFF6
  1025                           tablat	equ	0xFF5
  1026                           postinc0	equ	0xFEE
  1027                           wreg	equ	0xFE8
  1028                           postdec1	equ	0xFE5
  1029                           fsr1l	equ	0xFE1
  1030                           indf2	equ	0xFDF
  1031                           fsr2h	equ	0xFDA
  1032                           fsr2l	equ	0xFD9
  1033                           status	equ	0xFD8
  1034                           
  1035 ;; *************** function _Delay10TCYx *****************
  1036 ;; Defined at:
  1037 ;;		line 8 in file "C:\Program Files (x86)\Microchip\xc8\v1.32\sources\pic18\d10tcyx.c"
  1038 ;; Parameters:    Size  Location     Type
  1039 ;;  unit            1    wreg     unsigned char 
  1040 ;; Auto vars:     Size  Location     Type
  1041 ;;  unit            1    0[COMRAM] unsigned char 
  1042 ;; Return value:  Size  Location     Type
  1043 ;;		None               void
  1044 ;; Registers used:
  1045 ;;		wreg
  1046 ;; Tracked objects:
  1047 ;;		On entry : 0/0
  1048 ;;		On exit  : 0/0
  1049 ;;		Unchanged: 0/0
  1050 ;; Data sizes:     COMRAM   BANK0   BANK1   BANK2   BANK3   BANK4   BANK5   BANK6   BANK7
  1051 ;;      Params:         0       0       0       0       0       0       0       0       0
  1052 ;;      Locals:         1       0       0       0       0       0       0       0       0
  1053 ;;      Temps:          0       0       0       0       0       0       0       0       0
  1054 ;;      Totals:         1       0       0       0       0       0       0       0       0
  1055 ;;Total ram usage:        1 bytes
  1056 ;; Hardware stack levels used:    1
  1057 ;; This function calls:
  1058 ;;		Nothing
  1059 ;; This function is called by:
  1060 ;;		_DelayFor18TCY
  1061 ;; This function uses a non-reentrant model
  1062 ;;
  1063                           
  1064                           	psect	text10
  1065  007D90                     __ptext10:
  1066                           	opt stack 0
  1067  007D90                     _Delay10TCYx:
  1068                           	opt stack 27
  1069                           
  1070                           ;incstack = 0
  1071                           ;Delay10TCYx@unit stored from wreg
  1072  007D90  6E11               	movwf	Delay10TCYx@unit,c
  1073  007D92                     l353:
  1074  007D92  0E03               	movlw	3
  1075  007D94                     u197:
  1076  007D94  2EE8               	decfsz	wreg,f,c
  1077  007D96  D7FE               	goto	u197
  1078  007D98  F000               	nop	
  1079  007D9A  2E11               	decfsz	Delay10TCYx@unit,f,c
  1080  007D9C  D7FA               	goto	l353
  1081  007D9E  0012               	return	
  1082  007DA0                     __end_of_Delay10TCYx:
  1083                           	opt stack 0
  1084                           tblptru	equ	0xFF8
  1085                           tblptrh	equ	0xFF7
  1086                           tblptrl	equ	0xFF6
  1087                           tablat	equ	0xFF5
  1088                           postinc0	equ	0xFEE
  1089                           wreg	equ	0xFE8
  1090                           postdec1	equ	0xFE5
  1091                           fsr1l	equ	0xFE1
  1092                           indf2	equ	0xFDF
  1093                           fsr2h	equ	0xFDA
  1094                           fsr2l	equ	0xFD9
  1095                           status	equ	0xFD8
  1096                           
  1097 ;; *************** function _Delay_s *****************
  1098 ;; Defined at:
  1099 ;;		line 44 in file "delay.c"
  1100 ;; Parameters:    Size  Location     Type
  1101 ;;  t               1    wreg     unsigned char 
  1102 ;; Auto vars:     Size  Location     Type
  1103 ;;  t               1    3[COMRAM] unsigned char 
  1104 ;;  j               1    5[COMRAM] unsigned char 
  1105 ;;  i               1    4[COMRAM] unsigned char 
  1106 ;; Return value:  Size  Location     Type
  1107 ;;		None               void
  1108 ;; Registers used:
  1109 ;;		wreg, status,2, status,0, cstack
  1110 ;; Tracked objects:
  1111 ;;		On entry : 0/0
  1112 ;;		On exit  : 0/0
  1113 ;;		Unchanged: 0/0
  1114 ;; Data sizes:     COMRAM   BANK0   BANK1   BANK2   BANK3   BANK4   BANK5   BANK6   BANK7
  1115 ;;      Params:         0       0       0       0       0       0       0       0       0
  1116 ;;      Locals:         3       0       0       0       0       0       0       0       0
  1117 ;;      Temps:          0       0       0       0       0       0       0       0       0
  1118 ;;      Totals:         3       0       0       0       0       0       0       0       0
  1119 ;;Total ram usage:        3 bytes
  1120 ;; Hardware stack levels used:    1
  1121 ;; Hardware stack levels required when called:    2
  1122 ;; This function calls:
  1123 ;;		_delay_ms
  1124 ;; This function is called by:
  1125 ;;		_main
  1126 ;; This function uses a non-reentrant model
  1127 ;;
  1128                           
  1129                           	psect	text11
  1130  007E86                     __ptext11:
  1131                           	opt stack 0
  1132  007E86                     _Delay_s:
  1133                           	opt stack 28
  1134                           
  1135                           ;incstack = 0
  1136                           ;Delay_s@t stored from wreg
  1137  007E86  6E14               	movwf	Delay_s@t,c
  1138                           
  1139                           ;delay.c: 46: unsigned char i,j;
  1140                           ;delay.c: 47: for(i=0;i<t;i++)
  1141  007E88  0E00               	movlw	0
  1142  007E8A  6E15               	movwf	Delay_s@i,c
  1143  007E8C  D00B               	goto	l883
  1144  007E8E                     l869:
  1145                           
  1146                           ;delay.c: 48: for(j=0;j<10;j++)
  1147  007E8E  0E00               	movlw	0
  1148  007E90  6E16               	movwf	Delay_s@j,c
  1149  007E92  D004               	goto	L2
  1150  007E94                     l875:
  1151                           
  1152                           ;delay.c: 49: delay_ms(100);
  1153  007E94  0E64               	movlw	100
  1154  007E96  ECEE  F03E         	call	_delay_ms
  1155  007E9A  2A16               	incf	Delay_s@j,f,c
  1156  007E9C                     L2:
  1157  007E9C  0E09               	movlw	9
  1158  007E9E  6416               	cpfsgt	Delay_s@j,c
  1159  007EA0  D7F9               	goto	l875
  1160  007EA2  2A15               	incf	Delay_s@i,f,c
  1161  007EA4                     l883:
  1162  007EA4  5014               	movf	Delay_s@t,w,c
  1163  007EA6  5C15               	subwf	Delay_s@i,w,c
  1164  007EA8  B0D8               	btfsc	status,0,c
  1165  007EAA  0012               	return	
  1166  007EAC  D7F0               	goto	l869
  1167  007EAE                     __end_of_Delay_s:
  1168                           	opt stack 0
  1169                           tblptru	equ	0xFF8
  1170                           tblptrh	equ	0xFF7
  1171                           tblptrl	equ	0xFF6
  1172                           tablat	equ	0xFF5
  1173                           postinc0	equ	0xFEE
  1174                           wreg	equ	0xFE8
  1175                           postdec1	equ	0xFE5
  1176                           fsr1l	equ	0xFE1
  1177                           indf2	equ	0xFDF
  1178                           fsr2h	equ	0xFDA
  1179                           fsr2l	equ	0xFD9
  1180                           status	equ	0xFD8
  1181                           
  1182 ;; *************** function _delay_ms *****************
  1183 ;; Defined at:
  1184 ;;		line 33 in file "delay.c"
  1185 ;; Parameters:    Size  Location     Type
  1186 ;;  t               1    wreg     unsigned char 
  1187 ;; Auto vars:     Size  Location     Type
  1188 ;;  t               1    1[COMRAM] unsigned char 
  1189 ;;  i               1    2[COMRAM] unsigned char 
  1190 ;; Return value:  Size  Location     Type
  1191 ;;		None               void
  1192 ;; Registers used:
  1193 ;;		wreg, status,2, status,0, cstack
  1194 ;; Tracked objects:
  1195 ;;		On entry : 0/0
  1196 ;;		On exit  : 0/0
  1197 ;;		Unchanged: 0/0
  1198 ;; Data sizes:     COMRAM   BANK0   BANK1   BANK2   BANK3   BANK4   BANK5   BANK6   BANK7
  1199 ;;      Params:         0       0       0       0       0       0       0       0       0
  1200 ;;      Locals:         2       0       0       0       0       0       0       0       0
  1201 ;;      Temps:          0       0       0       0       0       0       0       0       0
  1202 ;;      Totals:         2       0       0       0       0       0       0       0       0
  1203 ;;Total ram usage:        2 bytes
  1204 ;; Hardware stack levels used:    1
  1205 ;; Hardware stack levels required when called:    1
  1206 ;; This function calls:
  1207 ;;		_Delay1KTCYx
  1208 ;; This function is called by:
  1209 ;;		_Delay_s
  1210 ;; This function uses a non-reentrant model
  1211 ;;
  1212                           
  1213                           	psect	text12
  1214  007DDC                     __ptext12:
  1215                           	opt stack 0
  1216  007DDC                     _delay_ms:
  1217                           	opt stack 28
  1218                           
  1219                           ;incstack = 0
  1220                           ;delay_ms@t stored from wreg
  1221  007DDC  6E12               	movwf	delay_ms@t,c
  1222                           
  1223                           ;delay.c: 35: unsigned char i;
  1224                           ;delay.c: 36: for (i=0;i<=t;i++)
  1225  007DDE  0E00               	movlw	0
  1226  007DE0  6E13               	movwf	delay_ms@i,c
  1227  007DE2  D004               	goto	l755
  1228  007DE4                     l751:
  1229                           
  1230                           ;delay.c: 37: Delay1KTCYx(5);
  1231  007DE4  0E05               	movlw	5
  1232  007DE6  ECC0  F03E         	call	_Delay1KTCYx
  1233  007DEA  2A13               	incf	delay_ms@i,f,c
  1234  007DEC                     l755:
  1235  007DEC  5013               	movf	delay_ms@i,w,c
  1236  007DEE  5C12               	subwf	delay_ms@t,w,c
  1237  007DF0  A0D8               	btfss	status,0,c
  1238                           
  1239                           ;delay.c: 41: return;
  1240  007DF2  0012               	return	
  1241  007DF4  D7F7               	goto	l751
  1242  007DF6                     __end_of_delay_ms:
  1243                           	opt stack 0
  1244                           tblptru	equ	0xFF8
  1245                           tblptrh	equ	0xFF7
  1246                           tblptrl	equ	0xFF6
  1247                           tablat	equ	0xFF5
  1248                           postinc0	equ	0xFEE
  1249                           wreg	equ	0xFE8
  1250                           postdec1	equ	0xFE5
  1251                           fsr1l	equ	0xFE1
  1252                           indf2	equ	0xFDF
  1253                           fsr2h	equ	0xFDA
  1254                           fsr2l	equ	0xFD9
  1255                           status	equ	0xFD8
  1256                           
  1257 ;; *************** function _Delay1KTCYx *****************
  1258 ;; Defined at:
  1259 ;;		line 8 in file "C:\Program Files (x86)\Microchip\xc8\v1.32\sources\pic18\d1ktcyx.c"
  1260 ;; Parameters:    Size  Location     Type
  1261 ;;  unit            1    wreg     unsigned char 
  1262 ;; Auto vars:     Size  Location     Type
  1263 ;;  unit            1    0[COMRAM] unsigned char 
  1264 ;; Return value:  Size  Location     Type
  1265 ;;		None               void
  1266 ;; Registers used:
  1267 ;;		wreg
  1268 ;; Tracked objects:
  1269 ;;		On entry : 0/0
  1270 ;;		On exit  : 0/0
  1271 ;;		Unchanged: 0/0
  1272 ;; Data sizes:     COMRAM   BANK0   BANK1   BANK2   BANK3   BANK4   BANK5   BANK6   BANK7
  1273 ;;      Params:         0       0       0       0       0       0       0       0       0
  1274 ;;      Locals:         1       0       0       0       0       0       0       0       0
  1275 ;;      Temps:          0       0       0       0       0       0       0       0       0
  1276 ;;      Totals:         1       0       0       0       0       0       0       0       0
  1277 ;;Total ram usage:        1 bytes
  1278 ;; Hardware stack levels used:    1
  1279 ;; This function calls:
  1280 ;;		Nothing
  1281 ;; This function is called by:
  1282 ;;		_DelayPORXLCD
  1283 ;;		_delay_ms
  1284 ;;		_DelayXLCD
  1285 ;; This function uses a non-reentrant model
  1286 ;;
  1287                           
  1288                           	psect	text13
  1289  007D80                     __ptext13:
  1290                           	opt stack 0
  1291  007D80                     _Delay1KTCYx:
  1292                           	opt stack 28
  1293                           
  1294                           ;incstack = 0
  1295                           ;Delay1KTCYx@unit stored from wreg
  1296  007D80  6E11               	movwf	Delay1KTCYx@unit,c
  1297  007D82                     l360:
  1298  007D82  0EFA               	movlw	250
  1299  007D84                     u207:
  1300  007D84  F000               	nop	
  1301  007D86  2EE8               	decfsz	wreg,f,c
  1302  007D88  D7FD               	goto	u207
  1303  007D8A  2E11               	decfsz	Delay1KTCYx@unit,f,c
  1304  007D8C  D7FA               	goto	l360
  1305  007D8E  0012               	return	
  1306  007D90                     __end_of_Delay1KTCYx:
  1307                           	opt stack 0
  1308  0000                     tblptru	equ	0xFF8
  1309                           tblptrh	equ	0xFF7
  1310                           tblptrl	equ	0xFF6
  1311                           tablat	equ	0xFF5
  1312                           postinc0	equ	0xFEE
  1313                           wreg	equ	0xFE8
  1314                           postdec1	equ	0xFE5
  1315                           fsr1l	equ	0xFE1
  1316                           indf2	equ	0xFDF
  1317                           fsr2h	equ	0xFDA
  1318                           fsr2l	equ	0xFD9
  1319                           status	equ	0xFD8
  1320                           tblptru	equ	0xFF8
  1321                           tblptrh	equ	0xFF7
  1322                           tblptrl	equ	0xFF6
  1323                           tablat	equ	0xFF5
  1324                           postinc0	equ	0xFEE
  1325                           wreg	equ	0xFE8
  1326                           postdec1	equ	0xFE5
  1327                           fsr1l	equ	0xFE1
  1328                           indf2	equ	0xFDF
  1329                           fsr2h	equ	0xFDA
  1330                           fsr2l	equ	0xFD9
  1331                           status	equ	0xFD8
  1332                           
  1333                           	psect	rparam
  1334  0000                     tblptru	equ	0xFF8
  1335                           tblptrh	equ	0xFF7
  1336                           tblptrl	equ	0xFF6
  1337                           tablat	equ	0xFF5
  1338                           postinc0	equ	0xFEE
  1339                           wreg	equ	0xFE8
  1340                           postdec1	equ	0xFE5
  1341                           fsr1l	equ	0xFE1
  1342                           indf2	equ	0xFDF
  1343                           fsr2h	equ	0xFDA
  1344                           fsr2l	equ	0xFD9
  1345                           status	equ	0xFD8


Data Sizes:
    Strings     0
    Constant    0
    Data        16
    BSS         0
    Persistent  0
    Stack       0

Auto Spaces:
    Space          Size  Autos    Used
    COMRAM           95      7      23
    BANK0           160      0       0
    BANK1           256      0       0
    BANK2           256      0       0
    BANK3           256      0       0
    BANK4           256      0       0
    BANK5           256      0       0
    BANK6           256      0       0
    BANK7           256      0       0

Pointer List with Targets:

    putsXLCD_@buffer	PTR unsigned char  size(2) Largest target is 16
		 -> string(COMRAM[16]), 


Critical Paths under _main in COMRAM

    _main->_OpenXLCD_
    _putsXLCD_->_WriteDataXLCD
    _WriteDataXLCD->_DelayFor18TCY
    _OpenXLCD_->_SetDDRamAddr
    _WriteCmdXLCD->_DelayFor18TCY
    _SetDDRamAddr->_DelayFor18TCY
    _DelayPORXLCD->_Delay1KTCYx
    _BusyXLCD->_DelayFor18TCY
    _DelayFor18TCY->_Delay10TCYx
    _Delay_s->_delay_ms
    _delay_ms->_Delay1KTCYx

Critical Paths under _main in BANK0

    None.

Critical Paths under _main in BANK1

    None.

Critical Paths under _main in BANK2

    None.

Critical Paths under _main in BANK3

    None.

Critical Paths under _main in BANK4

    None.

Critical Paths under _main in BANK5

    None.

Critical Paths under _main in BANK6

    None.

Critical Paths under _main in BANK7

    None.

Call Graph Tables:

 ---------------------------------------------------------------------------------
 (Depth) Function   	        Calls       Base Space   Used Autos Params    Refs
 ---------------------------------------------------------------------------------
 (0) _main                                                 0     0      0     523
                            _Delay_s
                          _OpenXLCD_
                       _WriteCmdXLCD
                          _putsXLCD_
 ---------------------------------------------------------------------------------
 (1) _putsXLCD_                                            2     0      2     133
                                              3 COMRAM     2     0      2
                      _WriteDataXLCD
 ---------------------------------------------------------------------------------
 (2) _WriteDataXLCD                                        1     1      0      60
                                              2 COMRAM     1     1      0
                      _DelayFor18TCY
 ---------------------------------------------------------------------------------
 (1) _OpenXLCD_                                            1     1      0     225
                                              6 COMRAM     1     1      0
                           _BusyXLCD
                       _Delay10KTCYx
                       _DelayPORXLCD
                       _SetDDRamAddr
                       _WriteCmdXLCD
 ---------------------------------------------------------------------------------
 (1) _WriteCmdXLCD                                         1     1      0      60
                                              2 COMRAM     1     1      0
                      _DelayFor18TCY
 ---------------------------------------------------------------------------------
 (2) _SetDDRamAddr                                         4     4      0      75
                                              2 COMRAM     4     4      0
                      _DelayFor18TCY
 ---------------------------------------------------------------------------------
 (2) _DelayPORXLCD                                         0     0      0      15
                        _Delay1KTCYx
 ---------------------------------------------------------------------------------
 (2) _Delay10KTCYx                                         2     2      0      15
                                              0 COMRAM     2     2      0
 ---------------------------------------------------------------------------------
 (2) _BusyXLCD                                             0     0      0      45
                      _DelayFor18TCY
 ---------------------------------------------------------------------------------
 (3) _DelayFor18TCY                                        1     1      0      45
                                              1 COMRAM     1     1      0
                        _Delay10TCYx
 ---------------------------------------------------------------------------------
 (4) _Delay10TCYx                                          1     1      0      15
                                              0 COMRAM     1     1      0
 ---------------------------------------------------------------------------------
 (1) _Delay_s                                              3     3      0     105
                                              3 COMRAM     3     3      0
                           _delay_ms
 ---------------------------------------------------------------------------------
 (2) _delay_ms                                             2     2      0      45
                                              1 COMRAM     2     2      0
                        _Delay1KTCYx
 ---------------------------------------------------------------------------------
 (3) _Delay1KTCYx                                          1     1      0      15
                                              0 COMRAM     1     1      0
 ---------------------------------------------------------------------------------
 Estimated maximum stack depth 4
 ---------------------------------------------------------------------------------

 Call Graph Graphs:

 _main (ROOT)
   _Delay_s
     _delay_ms
       _Delay1KTCYx
   _OpenXLCD_
     _BusyXLCD
       _DelayFor18TCY
         _Delay10TCYx
     _Delay10KTCYx
     _DelayPORXLCD
       _Delay1KTCYx
     _SetDDRamAddr
       _DelayFor18TCY
         _Delay10TCYx
     _WriteCmdXLCD
       _DelayFor18TCY
         _Delay10TCYx
   _WriteCmdXLCD
     _DelayFor18TCY
       _Delay10TCYx
   _putsXLCD_
     _WriteDataXLCD
       _DelayFor18TCY
         _Delay10TCYx

 Address spaces:
Name               Size   Autos  Total    Cost      Usage
BIGRAM             7FF      0       0      21        0.0%
EEDATA             100      0       0       0        0.0%
BITBANK7           100      0       0      18        0.0%
BANK7              100      0       0      19        0.0%
BITBANK6           100      0       0      16        0.0%
BANK6              100      0       0      17        0.0%
BITBANK5           100      0       0      14        0.0%
BANK5              100      0       0      15        0.0%
BITBANK4           100      0       0      12        0.0%
BANK4              100      0       0      13        0.0%
BITBANK3           100      0       0      10        0.0%
BANK3              100      0       0      11        0.0%
BITBANK2           100      0       0       8        0.0%
BANK2              100      0       0       9        0.0%
BITBANK1           100      0       0       6        0.0%
BANK1              100      0       0       7        0.0%
BITBANK0            A0      0       0       4        0.0%
BANK0               A0      0       0       5        0.0%
BITCOMRAM           5F      0       0       0        0.0%
COMRAM              5F      7      17       1       24.2%
BITSFR               0      0       0      40        0.0%
SFR                  0      0       0      40        0.0%
STACK                0      0       0       2        0.0%
NULL                 0      0       0       0        0.0%
ABS                  0      0      17      20        0.0%
DATA                 0      0      17       3        0.0%
CODE                 0      0       0       0        0.0%


Microchip Technology PIC18 Macro Assembler V1.32 build 58300 
Symbol Table                                                                                   Tue Dec 16 09:50:40 2014

                     u55 7F30              __CFG_BOR$ON 000000              __CFG_BORV$3 000000  
                    l107 7F06                      l108 7F18                      l360 7D82  
                    l353 7D92                      l346 7DC8                      l751 7DE4  
                    l735 7DB6                      l911 7FA4                      l921 7FCE  
                    l913 7FAE                      l755 7DEC                      l925 7FDE  
                    l917 7FBE                      l941 7E50                      l929 7FEE  
                    l937 7E3E                      l875 7E94                      l883 7EA4  
                    l869 7E8E                      l957 7EBA                      u207 7D84  
                    u187 7DCE                      u197 7D94    __size_of_WriteCmdXLCD 0022  
                    wreg 000FE8             __CFG_FOSC$HS 000000             __CFG_LVP$OFF 000000  
           __CFG_WDT$OFF 000000                     _main 7EAE                     fsr2h 000FDA  
                   fsr1l 000FE1                     indf2 000FDF                     fsr2l 000FD9  
 __size_of_WriteDataXLCD 0024                     start 0000            __CFG_IESO$OFF 000000  
        __end_of_Delay_s 7EAE            __CFG_MCLRE$ON 000000              _Delay10TCYx 7D90  
           _WriteCmdXLCD 7DF6              _Delay1KTCYx 7D80            __CFG_PLLDIV$5 000000  
          ?_SetDDRamAddr 0011                    ?_main 0011                    _PORTB 000F81  
                  _PORTD 000F83            __CFG_USBDIV$1 000000                    _TRISB 000F93  
                  _TRISD 000F95    __size_of_Delay10KTCYx 0016            __CFG_PWRT$OFF 000000  
         __CFG_FCMEN$OFF 000000                    tablat 000FF5                    status 000FD8  
        __initialization 7E60             __end_of_main 7EE0         __end_of_BusyXLCD 7F1A  
           _Delay10KTCYx 7DC6    __size_of_DelayPORXLCD 0008           ??_SetDDRamAddr 0013  
                 ??_main 0018            __activetblptr 000000            _WriteDataXLCD 7E18  
        __CFG_CCP2MX$OFF 000000           DelayFor18TCY@i 0012                ??_Delay_s 0014  
       __end_of_delay_ms 7DF6             _DelayPORXLCD 7D78       __size_of_OpenXLCD_ 0094  
         __CFG_STVREN$ON 000000           ?_WriteDataXLCD 0011                   _string 0001  
           __pdataCOMRAM 0001                   tblptrh 000FF7                   tblptrl 000FF6  
                 tblptru 000FF8               __accesstop 0060  __end_of__initialization 7E80  
        __CFG_PBADEN$OFF 000000           __pcstackCOMRAM 0011        __end_of_OpenXLCD_ 8000  
 __size_of_DelayFor18TCY 0016                ?_BusyXLCD 0011          WriteCmdXLCD@cmd 0013  
   __end_of_SetDDRamAddr 7F6C        WriteDataXLCD@data 0013             ?_Delay10TCYx 0011  
        ??_WriteDataXLCD 0013             ?_Delay1KTCYx 0011          putsXLCD_@buffer 0014  
              ?_delay_ms 0011       __size_of_putsXLCD_ 0024               ??_BusyXLCD 0013  
                _Delay_s 7E86          __CFG_VREGEN$OFF 000000                  __Hparam 0000  
                __Lparam 0000            _DelayFor18TCY 7DB0                  __pcinit 7E60  
        Delay10TCYx@unit 0011                  __ramtop 0800                  __ptext0 7EAE  
                __ptext1 7E3C                  __ptext2 7E18                  __ptext3 7F6C  
                __ptext4 7DF6                  __ptext5 7F1A                  __ptext6 7D78  
                __ptext7 7DC6                  __ptext8 7EE0                  __ptext9 7DB0  
             ??_delay_ms 0012     end_of_initialization 7E80           ?_DelayFor18TCY 0011  
                postdec1 000FE5                  postinc0 000FEE        __end_of_putsXLCD_ 7E60  
              _TRISAbits 000F92    __size_of_SetDDRamAddr 0052         OpenXLCD_@lcdtype 0017  
   __size_of_Delay10TCYx 0010            __pidataCOMRAM 7DA0             _SetDDRamAddr 7F1A  
   __size_of_Delay1KTCYx 0010       SetDDRamAddr@DDaddr 0016      start_initialization 7E60  
              _OpenXLCD_ 7F6C        __size_of_BusyXLCD 003A          ??_DelayFor18TCY 0012  
          ?_WriteCmdXLCD 0011         __CFG_LPT1OSC$OFF 000000        __size_of_delay_ms 001A  
        Delay1KTCYx@unit 0011                 ?_Delay_s 0011               ?_OpenXLCD_ 0011  
         ??_WriteCmdXLCD 0013            ?_Delay10KTCYx 0011    __end_of_WriteDataXLCD 7E3C  
               _LATAbits 000F89                 _LATBbits 000F8A                delay_ms@i 0013  
              delay_ms@t 0012                 Delay_s@i 0015                 Delay_s@j 0016  
               Delay_s@t 0014            ?_DelayPORXLCD 0011         __CFG_WDTPS$32768 000000  
         ??_Delay10KTCYx 0011                _putsXLCD_ 7E3C         Delay10KTCYx@unit 0012  
              copy_data0 7E74                 _BusyXLCD 7EE0              ??_OpenXLCD_ 0017  
       __size_of_Delay_s 0028           ??_DelayPORXLCD 0012                 __Hrparam 0000  
               __Lrparam 0000               ?_putsXLCD_ 0014                 _delay_ms 7DDC  
               __ptext10 7D90                 __ptext11 7E86                 __ptext12 7DDC  
               __ptext13 7D80     __end_of_WriteCmdXLCD 7E18            __size_of_main 0032  
          ??_Delay10TCYx 0011            ??_Delay1KTCYx 0011    __CFG_CPUDIV$OSC1_PLL2 000000  
   __end_of_Delay10KTCYx 7DDC    __end_of_DelayFor18TCY 7DC6              ??_putsXLCD_ 0016  
    __end_of_Delay10TCYx 7DA0     __end_of_DelayPORXLCD 7D80      __end_of_Delay1KTCYx 7D90  
